<?xml version="1.0" encoding="UTF-8"?>
<!-- Generated by org.testng.reporters.JUnitXMLReporter -->
<testsuite hostname="SINDIYA-DIPIN" ignored="0" name="Logging-Listener" tests="2" failures="1" timestamp="2020-07-05T12:07:27 IST" time="0.059" errors="0">
  <testcase name="fail on testng.practice.LoggingListenerTest@3a5ed7a6" time="0.013" classname="testng.practice.LoggingListenerTest">
    <failure type="java.lang.AssertionError" message="Oh sh!t">
      <![CDATA[java.lang.AssertionError: Oh sh!t
at testng.practice.LoggingListenerTest.fail(LoggingListenerTest.java:15)
at java.util.ArrayList.forEach(ArrayList.java:1249)
... Removed 28 stack frames]]>
    </failure>
  </testcase> <!-- fail on testng.practice.LoggingListenerTest@3a5ed7a6 -->
  <testcase name="pass on testng.practice.LoggingListenerTest@3a5ed7a6" time="0.002" classname="testng.practice.LoggingListenerTest"/>
</testsuite> <!-- Logging-Listener -->
